PCAD Importer Log
Project : EEE-1VA100WR.LibPkg

Section : C:\Users\Magno\Documents\Tcc\Hardware\PowerMonitoringV0\Libraries\CAPACITOR_LM1117\EEE-1VA100WR.lia
    Section : PCB Library - EEE-1VA100WR.PcbLib
        Section : Load Messages
            Warning - 1 : Skipping Token poly On Line 349
            Warning - 1 : Skipping Token poly On Line 359
            Warning - 1 : Skipping Token poly On Line 369
            Warning - 1 : Skipping Token poly On Line 435
            Warning - 1 : Skipping Token poly On Line 445
            Warning - 1 : Skipping Token poly On Line 455
            Warning - 1 : Skipping Token poly On Line 521
            Warning - 1 : Skipping Token poly On Line 531
            Warning - 1 : Skipping Token poly On Line 541
            Warning - 1 : Skipping Token CAPH On Line 595
            Warning - 1 : Skipping Token CAPV On Line 622
            Warning - 1 : Skipping Token attachedSymbol On Line 661
            Warning - 1 : Skipping Token attachedSymbol On Line 662
        EndSection

        Section : Import Messages
        EndSection
    EndSection

    Section : SCH Library - EEE-1VA100WR.SchLib
        Section : Parsing Messages
            Warning - 1 : Skipping Token padStyleDef On Line 10
            Warning - 1 : Skipping Token padStyleDef On Line 20
            Warning - 1 : Skipping Token padStyleDef On Line 30
            Warning - 1 : Skipping Token multiLayer On Line 342
            Warning - 1 : Skipping Token layerContents On Line 347
            Warning - 1 : Skipping Token layerContents On Line 357
            Warning - 1 : Skipping Token layerContents On Line 367
            Warning - 1 : Skipping Token layerContents On Line 377
            Warning - 1 : Skipping Token layerContents On Line 380
            Warning - 1 : Skipping Token layerContents On Line 383
            Warning - 1 : Skipping Token layerContents On Line 386
            Warning - 1 : Skipping Token layerContents On Line 389
            Warning - 1 : Skipping Token layerContents On Line 392
            Warning - 1 : Skipping Token layerContents On Line 395
            Warning - 1 : Skipping Token layerContents On Line 398
            Warning - 1 : Skipping Token layerContents On Line 401
            Warning - 1 : Skipping Token layerContents On Line 404
            Warning - 1 : Skipping Token layerContents On Line 407
            Warning - 1 : Skipping Token layerContents On Line 410
            Warning - 1 : Skipping Token layerContents On Line 413
            Warning - 1 : Skipping Token layerContents On Line 416
            Warning - 1 : Skipping Token layerContents On Line 419
            Warning - 1 : Skipping Token multiLayer On Line 428
            Warning - 1 : Skipping Token layerContents On Line 433
            Warning - 1 : Skipping Token layerContents On Line 443
            Warning - 1 : Skipping Token layerContents On Line 453
            Warning - 1 : Skipping Token layerContents On Line 463
            Warning - 1 : Skipping Token layerContents On Line 466
            Warning - 1 : Skipping Token layerContents On Line 469
            Warning - 1 : Skipping Token layerContents On Line 472
            Warning - 1 : Skipping Token layerContents On Line 475
            Warning - 1 : Skipping Token layerContents On Line 478
            Warning - 1 : Skipping Token layerContents On Line 481
            Warning - 1 : Skipping Token layerContents On Line 484
            Warning - 1 : Skipping Token layerContents On Line 487
            Warning - 1 : Skipping Token layerContents On Line 490
            Warning - 1 : Skipping Token layerContents On Line 493
            Warning - 1 : Skipping Token layerContents On Line 496
            Warning - 1 : Skipping Token layerContents On Line 499
            Warning - 1 : Skipping Token layerContents On Line 502
            Warning - 1 : Skipping Token layerContents On Line 505
            Warning - 1 : Skipping Token multiLayer On Line 514
            Warning - 1 : Skipping Token layerContents On Line 519
            Warning - 1 : Skipping Token layerContents On Line 529
            Warning - 1 : Skipping Token layerContents On Line 539
            Warning - 1 : Skipping Token layerContents On Line 549
            Warning - 1 : Skipping Token layerContents On Line 552
            Warning - 1 : Skipping Token layerContents On Line 555
            Warning - 1 : Skipping Token layerContents On Line 558
            Warning - 1 : Skipping Token layerContents On Line 561
            Warning - 1 : Skipping Token layerContents On Line 564
            Warning - 1 : Skipping Token layerContents On Line 567
            Warning - 1 : Skipping Token layerContents On Line 570
            Warning - 1 : Skipping Token layerContents On Line 573
            Warning - 1 : Skipping Token layerContents On Line 576
            Warning - 1 : Skipping Token layerContents On Line 579
            Warning - 1 : Skipping Token layerContents On Line 582
            Warning - 1 : Skipping Token layerContents On Line 585
            Warning - 1 : Skipping Token layerContents On Line 588
            Warning - 1 : Skipping Token layerContents On Line 591
            Warning - 1 : Skipping Token defaultPinDes On Line 603
            Warning - 1 : Skipping Token defaultPinDes On Line 611
            Warning - 1 : Skipping Token defaultPinDes On Line 630
            Warning - 1 : Skipping Token defaultPinDes On Line 638
        EndSection

        Section : Generating SCH Library - EEE-1VA100WR.SchLib
        EndSection
    EndSection
EndSection
