PCAD Importer Log
Project : LL4148.LibPkg

Section : C:\Users\magno.carvalho\Desktop\tcc_magno\PowerMonitoringV0\Libraries\4148\LL4148.lia
    Section : PCB Library - LL4148.PcbLib
        Section : Load Messages
            Warning - 1 : Skipping Token poly On Line 327
            Warning - 1 : Skipping Token poly On Line 381
            Warning - 1 : Skipping Token poly On Line 435
            Warning - 1 : Skipping Token LL4148 On Line 477
            Warning - 1 : Skipping Token attachedSymbol On Line 515
        EndSection

        Section : Import Messages
        EndSection
    EndSection

    Section : SCH Library - LL4148.SchLib
        Section : Parsing Messages
            Warning - 1 : Skipping Token padStyleDef On Line 10
            Warning - 1 : Skipping Token padStyleDef On Line 20
            Warning - 1 : Skipping Token padStyleDef On Line 30
            Warning - 1 : Skipping Token multiLayer On Line 320
            Warning - 1 : Skipping Token layerContents On Line 325
            Warning - 1 : Skipping Token layerContents On Line 335
            Warning - 1 : Skipping Token layerContents On Line 338
            Warning - 1 : Skipping Token layerContents On Line 341
            Warning - 1 : Skipping Token layerContents On Line 344
            Warning - 1 : Skipping Token layerContents On Line 347
            Warning - 1 : Skipping Token layerContents On Line 350
            Warning - 1 : Skipping Token layerContents On Line 353
            Warning - 1 : Skipping Token layerContents On Line 356
            Warning - 1 : Skipping Token layerContents On Line 359
            Warning - 1 : Skipping Token layerContents On Line 362
            Warning - 1 : Skipping Token layerContents On Line 365
            Warning - 1 : Skipping Token multiLayer On Line 374
            Warning - 1 : Skipping Token layerContents On Line 379
            Warning - 1 : Skipping Token layerContents On Line 389
            Warning - 1 : Skipping Token layerContents On Line 392
            Warning - 1 : Skipping Token layerContents On Line 395
            Warning - 1 : Skipping Token layerContents On Line 398
            Warning - 1 : Skipping Token layerContents On Line 401
            Warning - 1 : Skipping Token layerContents On Line 404
            Warning - 1 : Skipping Token layerContents On Line 407
            Warning - 1 : Skipping Token layerContents On Line 410
            Warning - 1 : Skipping Token layerContents On Line 413
            Warning - 1 : Skipping Token layerContents On Line 416
            Warning - 1 : Skipping Token layerContents On Line 419
            Warning - 1 : Skipping Token multiLayer On Line 428
            Warning - 1 : Skipping Token layerContents On Line 433
            Warning - 1 : Skipping Token layerContents On Line 443
            Warning - 1 : Skipping Token layerContents On Line 446
            Warning - 1 : Skipping Token layerContents On Line 449
            Warning - 1 : Skipping Token layerContents On Line 452
            Warning - 1 : Skipping Token layerContents On Line 455
            Warning - 1 : Skipping Token layerContents On Line 458
            Warning - 1 : Skipping Token layerContents On Line 461
            Warning - 1 : Skipping Token layerContents On Line 464
            Warning - 1 : Skipping Token layerContents On Line 467
            Warning - 1 : Skipping Token layerContents On Line 470
            Warning - 1 : Skipping Token layerContents On Line 473
            Warning - 1 : Skipping Token defaultPinDes On Line 485
            Warning - 1 : Skipping Token defaultPinDes On Line 493
        EndSection

        Section : Generating SCH Library - LL4148.SchLib
        EndSection
    EndSection
EndSection
