PCAD Importer Log
Project : ESP8266-12E_ESP-12E.LibPkg

Section : C:\Users\Magno\Documents\Tcc\Hardware\PowerMonitoringV0\Libraries\ESP-12\ESP8266-12E_ESP-12E.lia
    Section : PCB Library - ESP8266-12E_ESP-12E.PcbLib
        Section : Load Messages
            Warning - 1 : Skipping Token ESP8266-12E/ESP-12E On Line 162
            Warning - 1 : Skipping Token attachedSymbol On Line 409
        EndSection

        Section : Import Messages
        EndSection
    EndSection

    Section : SCH Library - ESP8266-12E_ESP-12E.SchLib
        Section : Parsing Messages
            Warning - 1 : Skipping Token padStyleDef On Line 9
            Warning - 1 : Skipping Token padStyleDef On Line 21
            Warning - 1 : Skipping Token multiLayer On Line 96
            Warning - 1 : Skipping Token layerContents On Line 120
            Warning - 1 : Skipping Token layerContents On Line 134
            Warning - 1 : Skipping Token layerContents On Line 140
        EndSection

        Section : Generating SCH Library - ESP8266-12E_ESP-12E.SchLib
        EndSection
    EndSection
EndSection
