Added Component: Designator=C23(1608[0603])
Add component. Clean all parameters for all variants
Add component (AddParameter): Name = "LatestRevisionDate"; Value = "29-May-2009"; VariantName = "[No Variations]"
Add component (AddParameter): Name = "LatestRevisionNote"; Value = "IPC-7351 Footprint Added."; VariantName = "[No Variations]"
Add component (AddParameter): Name = "PackageDescription"; Value = "Chip Capacitor"; VariantName = "[No Variations]"
Add component (AddParameter): Name = "PackageReference"; Value = "C1206"; VariantName = "[No Variations]"
Add component (AddParameter): Name = "Published"; Value = "8-Jun-2000"; VariantName = "[No Variations]"
Add component (AddParameter): Name = "Publisher"; Value = "Altium Limited"; VariantName = "[No Variations]"
Add component (AddParameter): Name = "Value"; Value = "0.1uF"; VariantName = "[No Variations]"
Added Component: Designator=R16(J1-0603)
Add component. Clean all parameters for all variants
Add component (AddParameter): Name = "LatestRevisionDate"; Value = "29-May-2009"; VariantName = "[No Variations]"
Add component (AddParameter): Name = "LatestRevisionNote"; Value = "IPC-7351 Footprint Added."; VariantName = "[No Variations]"
Add component (AddParameter): Name = "PackageDescription"; Value = "Chip Resistor"; VariantName = "[No Variations]"
Add component (AddParameter): Name = "PackageReference"; Value = "J1-0603"; VariantName = "[No Variations]"
Add component (AddParameter): Name = "Published"; Value = "8-Jun-2000"; VariantName = "[No Variations]"
Add component (AddParameter): Name = "Publisher"; Value = "Altium Limited"; VariantName = "[No Variations]"
Add component (AddParameter): Name = "Value"; Value = "2.1K"; VariantName = "[No Variations]"
Added Component: Designator=R17(J1-0603)
Add component. Clean all parameters for all variants
Add component (AddParameter): Name = "LatestRevisionDate"; Value = "29-May-2009"; VariantName = "[No Variations]"
Add component (AddParameter): Name = "LatestRevisionNote"; Value = "IPC-7351 Footprint Added."; VariantName = "[No Variations]"
Add component (AddParameter): Name = "PackageDescription"; Value = "Chip Resistor"; VariantName = "[No Variations]"
Add component (AddParameter): Name = "PackageReference"; Value = "J1-0603"; VariantName = "[No Variations]"
Add component (AddParameter): Name = "Published"; Value = "8-Jun-2000"; VariantName = "[No Variations]"
Add component (AddParameter): Name = "Publisher"; Value = "Altium Limited"; VariantName = "[No Variations]"
Add component (AddParameter): Name = "Value"; Value = "2.1K"; VariantName = "[No Variations]"
Added Pin To Net: NetName=GND Pin=C23-1
Added Pin To Net: NetName=+3.3 Pin=C23-2
Added Pin To Net: NetName=NetU5_13 Pin=R16-1
Added Pin To Net: NetName=+3.3 Pin=R16-2
Added Pin To Net: NetName=NetU5_14 Pin=R17-1
Added Pin To Net: NetName=+3.3 Pin=R17-2
Added Pin To Net: NetName=NetU5_13 Pin=U1-5
Added Pin To Net: NetName=+3.3 Pin=U1-8
Added Pin To Net: NetName=NetU5_14 Pin=U1-17
Change Net Name : Old Net Name=NetU5_13 New Net Name=NetR16_1
Change Net Name : Old Net Name=NetU5_14 New Net Name=NetR17_1
Added Member To Class: ClassName=CoreProcessor Member=Component C23 MUDAR FOOTPRINT
Added Member To Class: ClassName=CoreProcessor Member=Component R16 Res3
Added Member To Class: ClassName=CoreProcessor Member=Component R17 Res3
