Removed Pin From Net: NetName=LINE Pin=J3-3
Added Component: Designator=C10(1608[0603])
Add component. Clean all parameters for all variants
Add component (AddParameter): Name = "LatestRevisionDate"; Value = "29-May-2009"; VariantName = "[No Variations]"
Add component (AddParameter): Name = "LatestRevisionNote"; Value = "IPC-7351 Footprint Added."; VariantName = "[No Variations]"
Add component (AddParameter): Name = "PackageDescription"; Value = "Chip Capacitor"; VariantName = "[No Variations]"
Add component (AddParameter): Name = "PackageReference"; Value = "C1206"; VariantName = "[No Variations]"
Add component (AddParameter): Name = "Published"; Value = "8-Jun-2000"; VariantName = "[No Variations]"
Add component (AddParameter): Name = "Publisher"; Value = "Altium Limited"; VariantName = "[No Variations]"
Add component (AddParameter): Name = "Value"; Value = "0.1uF"; VariantName = "[No Variations]"
Added Component: Designator=F1(RSTA)
Add component. Clean all parameters for all variants
Add component (AddParameter): Name = "Built_By"; Value = "EMA_UL_Team"; VariantName = "[No Variations]"
Add component (AddParameter): Name = "Manufacturer_Part_Number"; Value = "RSTA 1 AMMO"; VariantName = "[No Variations]"
Add component (AddParameter): Name = "Value"; Value = "RSTA 1 AMMO"; VariantName = "[No Variations]"
Add component (AddParameter): Name = "Vendor"; Value = "BelFuse"; VariantName = "[No Variations]"
Added Pin To Net: NetName=GND Pin=C10-1
Added Pin To Net: NetName=+5 Pin=C10-2
Added Pin To Net: NetName=LINE Pin=F1-1
Added Pin To Net: NetName=NetR2_1 Pin=F1-2
Added Pin To Net: NetName=NetR2_1 Pin=J3-3
Added Pin To Net: NetName=NetP1_3 Pin=R2-2
Added Pin To Net: NetName=NetP1_3 Pin=U3-2
Change Net Name : Old Net Name=NetR2_1 New Net Name=NetF1_2
Added Member To Class: ClassName=PowerSupply Member=Component C10 MUDAR FOOTPRINT
Added Member To Class: ClassName=PowerSupply Member=Component F1 RSTA 1 AMMO
Added Room: Name=CoreProcessor
Added Room: Name=PowerSupply
