Added Component: Designator=P3(HDR1X4)
Add component. Clean all parameters for all variants
Add component (AddParameter): Name = "LatestRevisionDate"; Value = "17-Jul-2002"; VariantName = "[No Variations]"
Add component (AddParameter): Name = "LatestRevisionNote"; Value = "Re-released for DXP Platform."; VariantName = "[No Variations]"
Add component (AddParameter): Name = "Publisher"; Value = "Altium Limited"; VariantName = "[No Variations]"
Added Component: Designator=R18(J1-0603)
Add component. Clean all parameters for all variants
Add component (AddParameter): Name = "LatestRevisionDate"; Value = "29-May-2009"; VariantName = "[No Variations]"
Add component (AddParameter): Name = "LatestRevisionNote"; Value = "IPC-7351 Footprint Added."; VariantName = "[No Variations]"
Add component (AddParameter): Name = "PackageDescription"; Value = "Chip Resistor"; VariantName = "[No Variations]"
Add component (AddParameter): Name = "PackageReference"; Value = "J1-0603"; VariantName = "[No Variations]"
Add component (AddParameter): Name = "Published"; Value = "8-Jun-2000"; VariantName = "[No Variations]"
Add component (AddParameter): Name = "Publisher"; Value = "Altium Limited"; VariantName = "[No Variations]"
Add component (AddParameter): Name = "Value"; Value = "10K"; VariantName = "[No Variations]"
Added Component: Designator=R19(J1-0603)
Add component. Clean all parameters for all variants
Add component (AddParameter): Name = "LatestRevisionDate"; Value = "29-May-2009"; VariantName = "[No Variations]"
Add component (AddParameter): Name = "LatestRevisionNote"; Value = "IPC-7351 Footprint Added."; VariantName = "[No Variations]"
Add component (AddParameter): Name = "PackageDescription"; Value = "Chip Resistor"; VariantName = "[No Variations]"
Add component (AddParameter): Name = "PackageReference"; Value = "J1-0603"; VariantName = "[No Variations]"
Add component (AddParameter): Name = "Published"; Value = "8-Jun-2000"; VariantName = "[No Variations]"
Add component (AddParameter): Name = "Publisher"; Value = "Altium Limited"; VariantName = "[No Variations]"
Add component (AddParameter): Name = "Value"; Value = "10K"; VariantName = "[No Variations]"
Added Pin To Net: NetName=+3.3 Pin=P3-1
Added Pin To Net: NetName=GND Pin=P3-4
Added Pin To Net: NetName=+3.3 Pin=R18-2
Added Pin To Net: NetName=+3.3 Pin=R19-2
Added Pin To Net: NetName=GND Pin=S1-1
Added Pin To Net: NetName=GND Pin=S1-2
Added Pin To Net: NetName=GND Pin=S2-1
Added Pin To Net: NetName=GND Pin=S2-2
Added Pin To Net: NetName=+3.3 Pin=U1-3
Added Pin To Net: NetName=GND Pin=U1-15
Added Pin To Net: NetName=GND Pin=U1-16
Added Pin To Net: NetName=PROG_RX Pin=P3-2
Added Pin To Net: NetName=PROG_RX Pin=U1-21
Added Net: Name=PROG_RX
Added Pin To Net: NetName=PROG_TX Pin=P3-3
Added Pin To Net: NetName=PROG_TX Pin=U1-22
Added Net: Name=PROG_TX
Added Pin To Net: NetName=PROG Pin=R19-1
Added Pin To Net: NetName=PROG Pin=S2-3
Added Pin To Net: NetName=PROG Pin=S2-4
Added Pin To Net: NetName=PROG Pin=U1-18
Added Net: Name=PROG
Added Pin To Net: NetName=RST Pin=R18-1
Added Pin To Net: NetName=RST Pin=S1-3
Added Pin To Net: NetName=RST Pin=S1-4
Added Pin To Net: NetName=RST Pin=U1-1
Added Net: Name=RST
Added Member To Class: ClassName=CoreProcessor Member=Component P3 PROG_HEADER
Added Member To Class: ClassName=CoreProcessor Member=Component R18 Res3
Added Member To Class: ClassName=CoreProcessor Member=Component R19 Res3
