PCAD Importer Log
Project : LED3MM.LibPkg

Section : C:\Users\Magno\Documents\Tcc\Hardware\PowerMonitoringV0\Libraries\LED3MM\LED3MM.lia
    Section : PCB Library - LED3MM.PcbLib
        Section : Load Messages
            Warning - 1 : Skipping Token isVisible On Line 102
            Warning - 1 : Skipping Token isVisible On Line 135
            Warning - 1 : Skipping Token LED On Line 145
            Warning - 1 : Skipping Token attachedSymbol On Line 204
        EndSection

        Section : Import Messages
        EndSection
    EndSection

    Section : SCH Library - LED3MM.SchLib
        Section : Parsing Messages
            Warning - 1 : Skipping Token padStyleDef On Line 9
            Warning - 1 : Skipping Token multiLayer On Line 84
            Warning - 1 : Skipping Token layerContents On Line 88
            Warning - 1 : Skipping Token layerContents On Line 93
            Warning - 1 : Skipping Token layerContents On Line 107
            Warning - 1 : Skipping Token multiLayer On Line 117
            Warning - 1 : Skipping Token layerContents On Line 121
            Warning - 1 : Skipping Token layerContents On Line 126
            Warning - 1 : Skipping Token layerContents On Line 140
            Warning - 1 : Skipping Token isVisible On Line 181
            Warning - 1 : Skipping Token isVisible On Line 182
        EndSection

        Section : Generating SCH Library - LED3MM.SchLib
        EndSection
    EndSection
EndSection
